<?xml version="1.0" encoding="UTF-8"?>
<!-- Generated by org.testng.reporters.JUnitReportReporter -->
<testsuite hostname="VOKAP" failures="0" tests="2" name="com.provectus.studentregistrationform.StudentRegistrationFormTestNG" time="15.068" errors="0" timestamp="2021-03-23T12:03:46 EET" skipped="0">
  <testcase classname="com.provectus.studentregistrationform.StudentRegistrationFormTestNG" name="submitForm" time="13.851"/>
  <system-out/>
  <testcase classname="com.provectus.studentregistrationform.StudentRegistrationFormTestNG" name="verifyMandatoryFields" time="1.217"/>
  <system-out/>
</testsuite> <!-- com.provectus.studentregistrationform.StudentRegistrationFormTestNG -->
