<?xml version="1.0" encoding="UTF-8"?>
<!-- Generated by org.testng.reporters.JUnitReportReporter -->
<testsuite hostname="VOKAP" failures="0" tests="2" name="com.provectus.studentregistrationform.TestStudentRegistrationFormTestNG" time="12.123" errors="0" timestamp="2021-03-23T12:43:59 EET" skipped="0">
  <testcase classname="com.provectus.studentregistrationform.TestStudentRegistrationFormTestNG" name="verifyMandatoryFields" time="1.055"/>
  <system-out/>
  <testcase classname="com.provectus.studentregistrationform.TestStudentRegistrationFormTestNG" name="submitForm" time="11.068"/>
  <system-out/>
</testsuite> <!-- com.provectus.studentregistrationform.TestStudentRegistrationFormTestNG -->
